<?xml version="1.0" encoding="UTF-8"?>
<!-- Generated by org.testng.reporters.JUnitReportReporter -->
<testsuite hostname="TBHYDLP-OSF-08" failures="0" tests="2" name="runners.testrunnersample" time="22.496" errors="0" timestamp="9 Feb 2021 10:10:37 GMT">
  <testcase classname="runners.testrunnersample" name="feature" time="8.920"/>
  <testcase classname="runners.testrunnersample" name="feature" time="13.576"/>
</testsuite> <!-- runners.testrunnersample -->
